Arguments: 
  /usr/bin/node /usr/bin/yarn init

PATH: 
  /home/moyinzi/.sdkman/candidates/spark/current/bin:/home/moyinzi/.sdkman/candidates/scala/current/bin:/home/moyinzi/.sdkman/candidates/maven/current/bin:/home/moyinzi/.sdkman/candidates/kscript/current/bin:/home/moyinzi/.sdkman/candidates/kotlin/current/bin:/home/moyinzi/.sdkman/candidates/java/current/bin:/home/moyinzi/.sdkman/candidates/gradle/current/bin:/home/moyinzi/workplace/bin:/home/moyinzi/.yarn/bin:/home/moyinzi/progs/flutter/bin:/home/moyinzi/progs/shuttle:/home/moyinzi/.pub-cache/bin:/home/moyinzi/.local/bin:/home/moyinzi/Android/Sdk/platform-tools:/home/moyinzi/Android/Sdk/tools:/home/moyinzi/workplace/golang/bin:/usr/local/sbin:/usr/local/bin:/usr/bin:/opt/cuda/bin:/usr/lib/jvm/default/bin:/usr/bin/site_perl:/usr/bin/vendor_perl:/usr/bin/core_perl

Yarn version: 
  1.13.0

Node version: 
  11.10.0

Platform: 
  linux x64

Trace: 
  Error: canceled
      at Interface.<anonymous> (/usr/lib/node_modules/yarn/lib/cli.js:125657:13)
      at Interface.emit (events.js:197:13)
      at Interface._ttyWrite (readline.js:799:16)
      at ReadStream.onkeypress (readline.js:184:10)
      at ReadStream.emit (events.js:197:13)
      at emitKeys (internal/readline.js:424:14)
      at emitKeys.next (<anonymous>)
      at ReadStream.onData (readline.js:1071:36)
      at ReadStream.emit (events.js:197:13)
      at addChunk (_stream_readable.js:288:12)

npm manifest: 
  No manifest

yarn manifest: 
  No manifest

Lockfile: 
  No lockfile
